{"level":"info","message":"Identity Service is running at 3001","service":"identity-service","timestamp":"2025-01-28T14:31:10.825Z"}
{"level":"error","message":"Could not connect to any servers in your MongoDB Atlas cluster. One common reason is that you're trying to access the database from an IP that isn't whitelisted. Make sure your current IP address is on your Atlas cluster's IP whitelist: https://www.mongodb.com/docs/atlas/security-whitelist/","reason":{"commonWireVersion":0,"compatible":true,"heartbeatFrequencyMS":10000,"localThresholdMS":15,"logicalSessionTimeoutMinutes":null,"maxElectionId":null,"maxSetVersion":null,"servers":{"cluster0-shard-00-00.umacx.mongodb.net:27017":{"$clusterTime":null,"address":"cluster0-shard-00-00.umacx.mongodb.net:27017","arbiters":[],"electionId":null,"error":{},"hosts":[],"iscryptd":false,"lastUpdateTime":162621591,"lastWriteDate":0,"logicalSessionTimeoutMinutes":null,"maxBsonObjectSize":null,"maxMessageSizeBytes":null,"maxWireVersion":0,"maxWriteBatchSize":null,"me":null,"minRoundTripTime":0,"minWireVersion":0,"passives":[],"primary":null,"roundTripTime":-1,"setName":null,"setVersion":null,"tags":{},"topologyVersion":null,"type":"Unknown"},"cluster0-shard-00-01.umacx.mongodb.net:27017":{"$clusterTime":null,"address":"cluster0-shard-00-01.umacx.mongodb.net:27017","arbiters":[],"electionId":null,"error":{},"hosts":[],"iscryptd":false,"lastUpdateTime":162621748,"lastWriteDate":0,"logicalSessionTimeoutMinutes":null,"maxBsonObjectSize":null,"maxMessageSizeBytes":null,"maxWireVersion":0,"maxWriteBatchSize":null,"me":null,"minRoundTripTime":0,"minWireVersion":0,"passives":[],"primary":null,"roundTripTime":-1,"setName":null,"setVersion":null,"tags":{},"topologyVersion":null,"type":"Unknown"},"cluster0-shard-00-02.umacx.mongodb.net:27017":{"$clusterTime":null,"address":"cluster0-shard-00-02.umacx.mongodb.net:27017","arbiters":[],"electionId":null,"error":{},"hosts":[],"iscryptd":false,"lastUpdateTime":162621681,"lastWriteDate":0,"logicalSessionTimeoutMinutes":null,"maxBsonObjectSize":null,"maxMessageSizeBytes":null,"maxWireVersion":0,"maxWriteBatchSize":null,"me":null,"minRoundTripTime":0,"minWireVersion":0,"passives":[],"primary":null,"roundTripTime":-1,"setName":null,"setVersion":null,"tags":{},"topologyVersion":null,"type":"Unknown"}},"setName":"atlas-13e3kw-shard-0","stale":false,"type":"ReplicaSetNoPrimary"},"service":"identity-service","stack":"MongooseServerSelectionError: Could not connect to any servers in your MongoDB Atlas cluster. One common reason is that you're trying to access the database from an IP that isn't whitelisted. Make sure your current IP address is on your Atlas cluster's IP whitelist: https://www.mongodb.com/docs/atlas/security-whitelist/\n    at _handleConnectionErrors (/Users/I578068/Documents/node/social-media-microservices/identity-service/node_modules/mongoose/lib/connection.js:1110:11)\n    at NativeConnection.openUri (/Users/I578068/Documents/node/social-media-microservices/identity-service/node_modules/mongoose/lib/connection.js:1041:11)\n    at async connectDB (file:///Users/I578068/Documents/node/social-media-microservices/identity-service/src/db.js:8:9)","timestamp":"2025-01-28T14:31:40.974Z"}
{"level":"info","message":"Identity Service is running at 3001","service":"identity-service","timestamp":"2025-01-28T14:33:39.028Z"}
{"level":"info","message":"DB connected successfully","service":"identity-service","timestamp":"2025-01-28T14:33:40.202Z"}
{"level":"info","message":"Identity Service is running at 3001","service":"identity-service","timestamp":"2025-01-28T14:34:56.730Z"}
{"level":"info","message":"DB connected successfully","service":"identity-service","timestamp":"2025-01-28T14:34:57.645Z"}
{"level":"info","message":"Identity Service is running at 3001","service":"identity-service","timestamp":"2025-01-28T14:36:08.071Z"}
{"level":"info","message":"DB connected successfully","service":"identity-service","timestamp":"2025-01-28T14:36:08.648Z"}
{"level":"info","message":"GET - / - ::1","service":"identity-service","timestamp":"2025-01-28T14:37:38.756Z"}
{"level":"info","message":"Request body: {}","service":"identity-service","timestamp":"2025-01-28T14:37:38.758Z"}
{"level":"info","message":"POST - /api/auth/register - ::ffff:127.0.0.1","service":"identity-service","timestamp":"2025-01-28T14:39:11.415Z"}
{"level":"info","message":"Request body: {\"username\":\"dipto15\",\"email\":\"dasdipto2004@gmail.com\",\"password\":\"12345678\"}","service":"identity-service","timestamp":"2025-01-28T14:39:11.415Z"}
{"level":"info","message":"Registration endpoint called","service":"identity-service","timestamp":"2025-01-28T14:39:11.416Z"}
{"_message":"User validation failed","errors":{"userName":{"kind":"required","message":"Path `userName` is required.","name":"ValidatorError","path":"userName","properties":{"message":"Path `userName` is required.","path":"userName","type":"required"}}},"level":"error","message":"Error occurred while registering user User validation failed: userName: Path `userName` is required.","service":"identity-service","stack":"ValidationError: User validation failed: userName: Path `userName` is required.\n    at Document.invalidate (/Users/I578068/Documents/node/social-media-microservices/identity-service/node_modules/mongoose/lib/document.js:3334:32)\n    at /Users/I578068/Documents/node/social-media-microservices/identity-service/node_modules/mongoose/lib/document.js:3095:17\n    at /Users/I578068/Documents/node/social-media-microservices/identity-service/node_modules/mongoose/lib/schemaType.js:1407:9\n    at process.processTicksAndRejections (node:internal/process/task_queues:77:11)","timestamp":"2025-01-28T14:39:11.458Z"}
{"level":"info","message":"Identity Service is running at 3001","service":"identity-service","timestamp":"2025-01-28T14:39:48.520Z"}
{"level":"info","message":"DB connected successfully","service":"identity-service","timestamp":"2025-01-28T14:39:49.536Z"}
{"level":"info","message":"POST - /api/auth/register - ::ffff:127.0.0.1","service":"identity-service","timestamp":"2025-01-28T14:39:54.388Z"}
{"level":"info","message":"Request body: {\"username\":\"dipto15\",\"email\":\"dasdipto2004@gmail.com\",\"password\":\"12345678\"}","service":"identity-service","timestamp":"2025-01-28T14:39:54.388Z"}
{"level":"info","message":"Registration endpoint called","service":"identity-service","timestamp":"2025-01-28T14:39:54.392Z"}
{"0":"\"","1":"u","10":" ","11":"i","12":"s","13":" ","14":"r","15":"e","16":"q","17":"u","18":"i","19":"r","2":"s","20":"e","21":"d","3":"e","4":"r","5":"N","6":"a","7":"m","8":"e","9":"\"","level":"warn","message":"Validation error","service":"identity-service","timestamp":"2025-01-28T14:39:54.396Z"}
{"level":"info","message":"Identity Service is running at 3001","service":"identity-service","timestamp":"2025-01-28T14:40:06.453Z"}
{"level":"info","message":"DB connected successfully","service":"identity-service","timestamp":"2025-01-28T14:40:06.941Z"}
{"level":"info","message":"Identity Service is running at 3001","service":"identity-service","timestamp":"2025-01-28T14:40:19.353Z"}
{"level":"info","message":"DB connected successfully","service":"identity-service","timestamp":"2025-01-28T14:40:19.891Z"}
{"level":"info","message":"Identity Service is running at 3001","service":"identity-service","timestamp":"2025-01-28T14:40:35.501Z"}
{"level":"info","message":"Identity Service is running at 3001","service":"identity-service","timestamp":"2025-01-28T14:40:37.433Z"}
{"level":"info","message":"DB connected successfully","service":"identity-service","timestamp":"2025-01-28T14:40:38.028Z"}
{"level":"info","message":"Identity Service is running at 3001","service":"identity-service","timestamp":"2025-01-28T14:40:39.912Z"}
{"level":"info","message":"DB connected successfully","service":"identity-service","timestamp":"2025-01-28T14:40:40.424Z"}
{"level":"info","message":"Identity Service is running at 3001","service":"identity-service","timestamp":"2025-01-28T14:40:41.141Z"}
{"level":"info","message":"DB connected successfully","service":"identity-service","timestamp":"2025-01-28T14:40:41.706Z"}
{"level":"info","message":"Identity Service is running at 3001","service":"identity-service","timestamp":"2025-01-28T14:40:47.149Z"}
{"level":"info","message":"DB connected successfully","service":"identity-service","timestamp":"2025-01-28T14:40:47.570Z"}
{"level":"info","message":"Identity Service is running at 3001","service":"identity-service","timestamp":"2025-01-28T14:41:02.102Z"}
{"level":"info","message":"DB connected successfully","service":"identity-service","timestamp":"2025-01-28T14:41:02.648Z"}
{"level":"info","message":"Identity Service is running at 3001","service":"identity-service","timestamp":"2025-01-28T14:41:11.863Z"}
{"level":"info","message":"Identity Service is running at 3001","service":"identity-service","timestamp":"2025-01-28T14:41:13.288Z"}
{"level":"info","message":"DB connected successfully","service":"identity-service","timestamp":"2025-01-28T14:41:13.814Z"}
{"level":"info","message":"Identity Service is running at 3001","service":"identity-service","timestamp":"2025-01-28T14:41:16.391Z"}
{"level":"info","message":"DB connected successfully","service":"identity-service","timestamp":"2025-01-28T14:41:16.888Z"}
{"level":"info","message":"POST - /api/auth/register - ::ffff:127.0.0.1","service":"identity-service","timestamp":"2025-01-28T14:41:40.498Z"}
{"level":"info","message":"Request body: {\"username\":\"dipto15\",\"email\":\"dasdipto2004@gmail.com\",\"password\":\"12345678\"}","service":"identity-service","timestamp":"2025-01-28T14:41:40.499Z"}
{"level":"info","message":"Registration endpoint called","service":"identity-service","timestamp":"2025-01-28T14:41:40.502Z"}
{"level":"error","message":"Error occurred while registering user Cannot read properties of undefined (reading 'isModified')","service":"identity-service","stack":"TypeError: Cannot read properties of undefined (reading 'isModified')\n    at model.<anonymous> (file:///Users/I578068/Documents/node/social-media-microservices/identity-service/src/models/User.js:26:14)\n    at model.next (/Users/I578068/Documents/node/social-media-microservices/identity-service/node_modules/kareem/index.js:97:35)\n    at _next (/Users/I578068/Documents/node/social-media-microservices/identity-service/node_modules/kareem/index.js:146:10)\n    at /Users/I578068/Documents/node/social-media-microservices/identity-service/node_modules/kareem/index.js:653:30\n    at process.processTicksAndRejections (node:internal/process/task_queues:77:11)","timestamp":"2025-01-28T14:41:40.551Z"}
{"level":"info","message":"POST - /api/auth/register - ::ffff:127.0.0.1","service":"identity-service","timestamp":"2025-01-28T14:43:59.505Z"}
{"level":"info","message":"Request body: {\"username\":\"dipto15\",\"email\":\"dasdipto2004@gmail.com\",\"password\":\"12345678\"}","service":"identity-service","timestamp":"2025-01-28T14:43:59.505Z"}
{"level":"info","message":"Registration endpoint called","service":"identity-service","timestamp":"2025-01-28T14:43:59.507Z"}
{"level":"error","message":"Error occurred while registering user Cannot read properties of undefined (reading 'isModified')","service":"identity-service","stack":"TypeError: Cannot read properties of undefined (reading 'isModified')\n    at model.<anonymous> (file:///Users/I578068/Documents/node/social-media-microservices/identity-service/src/models/User.js:26:14)\n    at model.next (/Users/I578068/Documents/node/social-media-microservices/identity-service/node_modules/kareem/index.js:97:35)\n    at _next (/Users/I578068/Documents/node/social-media-microservices/identity-service/node_modules/kareem/index.js:146:10)\n    at /Users/I578068/Documents/node/social-media-microservices/identity-service/node_modules/kareem/index.js:653:30\n    at process.processTicksAndRejections (node:internal/process/task_queues:77:11)","timestamp":"2025-01-28T14:43:59.569Z"}
{"level":"info","message":"Identity Service is running at 3001","service":"identity-service","timestamp":"2025-01-28T14:44:18.454Z"}
{"level":"info","message":"DB connected successfully","service":"identity-service","timestamp":"2025-01-28T14:44:19.788Z"}
{"level":"info","message":"POST - /api/auth/register - ::ffff:127.0.0.1","service":"identity-service","timestamp":"2025-01-28T14:44:26.677Z"}
{"level":"info","message":"Request body: {\"username\":\"dipto15\",\"email\":\"dasdipto2004@gmail.com\",\"password\":\"12345678\"}","service":"identity-service","timestamp":"2025-01-28T14:44:26.678Z"}
{"level":"info","message":"Registration endpoint called","service":"identity-service","timestamp":"2025-01-28T14:44:26.681Z"}
{"level":"error","message":"Error occurred while registering user Cannot read properties of undefined (reading 'isModified')","service":"identity-service","stack":"TypeError: Cannot read properties of undefined (reading 'isModified')\n    at model.<anonymous> (file:///Users/I578068/Documents/node/social-media-microservices/identity-service/src/models/User.js:26:14)\n    at model.next (/Users/I578068/Documents/node/social-media-microservices/identity-service/node_modules/kareem/index.js:97:35)\n    at _next (/Users/I578068/Documents/node/social-media-microservices/identity-service/node_modules/kareem/index.js:146:10)\n    at /Users/I578068/Documents/node/social-media-microservices/identity-service/node_modules/kareem/index.js:653:30\n    at process.processTicksAndRejections (node:internal/process/task_queues:77:11)","timestamp":"2025-01-28T14:44:26.729Z"}
{"level":"info","message":"Identity Service is running at 3001","service":"identity-service","timestamp":"2025-01-28T14:44:55.095Z"}
{"level":"info","message":"DB connected successfully","service":"identity-service","timestamp":"2025-01-28T14:44:55.599Z"}
{"level":"info","message":"POST - /api/auth/register - ::ffff:127.0.0.1","service":"identity-service","timestamp":"2025-01-28T14:46:23.645Z"}
{"level":"info","message":"Request body: {\"username\":\"dipto15\",\"email\":\"dasdipto2004@gmail.com\",\"password\":\"12345678\"}","service":"identity-service","timestamp":"2025-01-28T14:46:23.645Z"}
{"level":"info","message":"Registration endpoint called","service":"identity-service","timestamp":"2025-01-28T14:46:23.649Z"}
{"level":"error","message":"Error occurred while registering user Cannot read properties of undefined (reading 'isModified')","service":"identity-service","stack":"TypeError: Cannot read properties of undefined (reading 'isModified')\n    at model.<anonymous> (file:///Users/I578068/Documents/node/social-media-microservices/identity-service/src/models/User.js:26:14)\n    at model.next (/Users/I578068/Documents/node/social-media-microservices/identity-service/node_modules/kareem/index.js:97:35)\n    at _next (/Users/I578068/Documents/node/social-media-microservices/identity-service/node_modules/kareem/index.js:146:10)\n    at /Users/I578068/Documents/node/social-media-microservices/identity-service/node_modules/kareem/index.js:653:30\n    at process.processTicksAndRejections (node:internal/process/task_queues:77:11)","timestamp":"2025-01-28T14:46:23.692Z"}
{"level":"info","message":"Identity Service is running at 3001","service":"identity-service","timestamp":"2025-01-28T14:46:29.720Z"}
{"level":"info","message":"DB connected successfully","service":"identity-service","timestamp":"2025-01-28T14:46:30.663Z"}
{"level":"info","message":"POST - /api/auth/register - ::ffff:127.0.0.1","service":"identity-service","timestamp":"2025-01-28T14:46:33.378Z"}
{"level":"info","message":"Request body: {\"username\":\"dipto15\",\"email\":\"dasdipto2004@gmail.com\",\"password\":\"12345678\"}","service":"identity-service","timestamp":"2025-01-28T14:46:33.379Z"}
{"level":"info","message":"Registration endpoint called","service":"identity-service","timestamp":"2025-01-28T14:46:33.383Z"}
{"level":"error","message":"Error occurred while registering user Cannot read properties of undefined (reading 'isModified')","service":"identity-service","stack":"TypeError: Cannot read properties of undefined (reading 'isModified')\n    at model.<anonymous> (file:///Users/I578068/Documents/node/social-media-microservices/identity-service/src/models/User.js:26:14)\n    at model.next (/Users/I578068/Documents/node/social-media-microservices/identity-service/node_modules/kareem/index.js:97:35)\n    at _next (/Users/I578068/Documents/node/social-media-microservices/identity-service/node_modules/kareem/index.js:146:10)\n    at /Users/I578068/Documents/node/social-media-microservices/identity-service/node_modules/kareem/index.js:653:30\n    at process.processTicksAndRejections (node:internal/process/task_queues:77:11)","timestamp":"2025-01-28T14:46:33.460Z"}
{"level":"info","message":"Identity Service is running at 3001","service":"identity-service","timestamp":"2025-01-28T14:47:03.452Z"}
{"level":"info","message":"DB connected successfully","service":"identity-service","timestamp":"2025-01-28T14:47:04.007Z"}
{"level":"info","message":"POST - /api/auth/register - ::ffff:127.0.0.1","service":"identity-service","timestamp":"2025-01-28T14:47:11.275Z"}
{"level":"info","message":"Request body: {\"username\":\"dipto15\",\"email\":\"dasdipto2004@gmail.com\",\"password\":\"12345678\"}","service":"identity-service","timestamp":"2025-01-28T14:47:11.276Z"}
{"level":"info","message":"Registration endpoint called","service":"identity-service","timestamp":"2025-01-28T14:47:11.280Z"}
{"level":"error","message":"Error occurred while registering user Cannot read properties of undefined (reading 'isModified')","service":"identity-service","stack":"TypeError: Cannot read properties of undefined (reading 'isModified')\n    at model.<anonymous> (file:///Users/I578068/Documents/node/social-media-microservices/identity-service/src/models/User.js:26:14)\n    at model.next (/Users/I578068/Documents/node/social-media-microservices/identity-service/node_modules/kareem/index.js:97:35)\n    at _next (/Users/I578068/Documents/node/social-media-microservices/identity-service/node_modules/kareem/index.js:146:10)\n    at /Users/I578068/Documents/node/social-media-microservices/identity-service/node_modules/kareem/index.js:653:30\n    at process.processTicksAndRejections (node:internal/process/task_queues:77:11)","timestamp":"2025-01-28T14:47:11.332Z"}
{"level":"info","message":"Identity Service is running at 3001","service":"identity-service","timestamp":"2025-01-28T14:47:40.950Z"}
{"level":"info","message":"DB connected successfully","service":"identity-service","timestamp":"2025-01-28T14:47:41.530Z"}
{"level":"info","message":"Identity Service is running at 3001","service":"identity-service","timestamp":"2025-01-28T14:47:45.867Z"}
{"level":"info","message":"DB connected successfully","service":"identity-service","timestamp":"2025-01-28T14:47:46.526Z"}
{"level":"info","message":"Identity Service is running at 3001","service":"identity-service","timestamp":"2025-01-28T14:47:47.085Z"}
{"level":"info","message":"DB connected successfully","service":"identity-service","timestamp":"2025-01-28T14:47:47.841Z"}
{"level":"info","message":"Identity Service is running at 3001","service":"identity-service","timestamp":"2025-01-28T14:47:48.576Z"}
{"level":"info","message":"DB connected successfully","service":"identity-service","timestamp":"2025-01-28T14:47:49.265Z"}
{"level":"info","message":"POST - /api/auth/register - ::ffff:127.0.0.1","service":"identity-service","timestamp":"2025-01-28T14:47:56.133Z"}
{"level":"info","message":"Request body: {\"username\":\"dipto15\",\"email\":\"dasdipto2004@gmail.com\",\"password\":\"12345678\"}","service":"identity-service","timestamp":"2025-01-28T14:47:56.134Z"}
{"level":"info","message":"Registration endpoint called","service":"identity-service","timestamp":"2025-01-28T14:47:56.139Z"}
{"buffer":{"data":[103,152,238,28,21,218,41,130,68,249,165,164],"type":"Buffer"},"level":"warn","message":"User saved successfully","service":"identity-service","timestamp":"2025-01-28T14:47:56.226Z"}
{"level":"error","message":"Error occurred while registering user crypto.randomBytes is not a function","service":"identity-service","stack":"TypeError: crypto.randomBytes is not a function\n    at generateTokens (file:///Users/I578068/Documents/node/social-media-microservices/identity-service/src/utils/generateToken.js:10:33)\n    at registerUser (file:///Users/I578068/Documents/node/social-media-microservices/identity-service/src/controllers/identity-controller.js:35:53)\n    at process.processTicksAndRejections (node:internal/process/task_queues:95:5)","timestamp":"2025-01-28T14:47:56.228Z"}
{"level":"info","message":"Identity Service is running at 3001","service":"identity-service","timestamp":"2025-01-28T14:48:34.348Z"}
{"level":"info","message":"DB connected successfully","service":"identity-service","timestamp":"2025-01-28T14:48:34.793Z"}
{"level":"info","message":"Identity Service is running at 3001","service":"identity-service","timestamp":"2025-01-28T14:48:35.464Z"}
{"level":"info","message":"DB connected successfully","service":"identity-service","timestamp":"2025-01-28T14:48:36.051Z"}
{"level":"info","message":"Identity Service is running at 3001","service":"identity-service","timestamp":"2025-01-28T14:48:39.828Z"}
{"level":"info","message":"DB connected successfully","service":"identity-service","timestamp":"2025-01-28T14:48:40.282Z"}
{"level":"info","message":"Identity Service is running at 3001","service":"identity-service","timestamp":"2025-01-28T14:50:02.153Z"}
{"level":"info","message":"DB connected successfully","service":"identity-service","timestamp":"2025-01-28T14:50:03.087Z"}
{"level":"info","message":"Identity Service is running at 3001","service":"identity-service","timestamp":"2025-01-28T14:50:13.165Z"}
{"level":"info","message":"DB connected successfully","service":"identity-service","timestamp":"2025-01-28T14:50:13.825Z"}
{"level":"info","message":"Identity Service is running at 3001","service":"identity-service","timestamp":"2025-01-28T14:50:16.444Z"}
{"level":"info","message":"DB connected successfully","service":"identity-service","timestamp":"2025-01-28T14:50:17.169Z"}
{"level":"info","message":"POST - /api/auth/register - ::ffff:127.0.0.1","service":"identity-service","timestamp":"2025-01-28T14:50:31.500Z"}
{"level":"info","message":"Request body: {\"username\":\"dipto15\",\"email\":\"dasdipto2004@gmail.com\",\"password\":\"12345678\"}","service":"identity-service","timestamp":"2025-01-28T14:50:31.501Z"}
{"level":"info","message":"Registration endpoint called","service":"identity-service","timestamp":"2025-01-28T14:50:31.505Z"}
{"level":"warn","message":"User already exists","service":"identity-service","timestamp":"2025-01-28T14:50:31.552Z"}
{"level":"info","message":"POST - /api/auth/register - ::ffff:127.0.0.1","service":"identity-service","timestamp":"2025-01-28T14:50:54.650Z"}
{"level":"info","message":"Request body: {\"username\":\"dipto15\",\"email\":\"dasdipto2004@gmail.com\",\"password\":\"12345678\"}","service":"identity-service","timestamp":"2025-01-28T14:50:54.651Z"}
{"level":"info","message":"Registration endpoint called","service":"identity-service","timestamp":"2025-01-28T14:50:54.655Z"}
{"buffer":{"data":[103,152,238,206,166,157,37,119,89,27,66,51],"type":"Buffer"},"level":"warn","message":"User saved successfully","service":"identity-service","timestamp":"2025-01-28T14:50:54.779Z"}
{"level":"info","message":"Identity Service is running at 3001","service":"identity-service","timestamp":"2025-01-28T14:52:01.088Z"}
{"level":"info","message":"DB connected successfully","service":"identity-service","timestamp":"2025-01-28T14:52:01.887Z"}
{"level":"info","message":"Identity Service is running at 3001","service":"identity-service","timestamp":"2025-01-28T14:52:06.560Z"}
{"level":"info","message":"Identity Service is running at 3001","service":"identity-service","timestamp":"2025-01-28T14:52:07.294Z"}
{"level":"info","message":"DB connected successfully","service":"identity-service","timestamp":"2025-01-28T14:52:07.950Z"}
{"level":"info","message":"Identity Service is running at 3001","service":"identity-service","timestamp":"2025-01-28T14:52:16.113Z"}
{"level":"info","message":"DB connected successfully","service":"identity-service","timestamp":"2025-01-28T14:52:16.686Z"}
{"level":"info","message":"Identity Service is running at 3001","service":"identity-service","timestamp":"2025-01-28T14:52:21.951Z"}
{"level":"info","message":"DB connected successfully","service":"identity-service","timestamp":"2025-01-28T14:52:22.589Z"}
{"level":"info","message":"Identity Service is running at 3001","service":"identity-service","timestamp":"2025-01-28T14:53:16.271Z"}
{"level":"info","message":"Identity Service is running at 3001","service":"identity-service","timestamp":"2025-01-28T14:53:16.971Z"}
{"level":"info","message":"DB connected successfully","service":"identity-service","timestamp":"2025-01-28T14:53:17.578Z"}
{"level":"info","message":"Identity Service is running at 3001","service":"identity-service","timestamp":"2025-01-28T14:53:24.837Z"}
{"level":"info","message":"DB connected successfully","service":"identity-service","timestamp":"2025-01-28T14:53:25.487Z"}
{"level":"info","message":"Identity Service is running at 3001","service":"identity-service","timestamp":"2025-01-28T14:53:26.801Z"}
{"level":"info","message":"DB connected successfully","service":"identity-service","timestamp":"2025-01-28T14:53:27.315Z"}
{"level":"info","message":"Identity Service is running at 3001","service":"identity-service","timestamp":"2025-01-28T14:53:34.748Z"}
{"level":"info","message":"DB connected successfully","service":"identity-service","timestamp":"2025-01-28T14:53:35.437Z"}
{"level":"info","message":"Identity Service is running at 3001","service":"identity-service","timestamp":"2025-01-28T14:53:36.509Z"}
{"level":"info","message":"DB connected successfully","service":"identity-service","timestamp":"2025-01-28T14:53:37.072Z"}
{"level":"info","message":"POST - /api/auth/register - ::ffff:127.0.0.1","service":"identity-service","timestamp":"2025-01-28T14:54:21.890Z"}
{"level":"info","message":"Request body: {\"username\":\"dipto15\",\"email\":\"dasdipto2004@gmail.com\",\"password\":\"12345678\"}","service":"identity-service","timestamp":"2025-01-28T14:54:21.891Z"}
{"level":"info","message":"Registration endpoint called","service":"identity-service","timestamp":"2025-01-28T14:54:21.896Z"}
{"level":"warn","message":"User already exists","service":"identity-service","timestamp":"2025-01-28T14:54:21.937Z"}
{"level":"info","message":"POST - /api/auth/register - ::ffff:127.0.0.1","service":"identity-service","timestamp":"2025-01-28T14:54:37.642Z"}
{"level":"info","message":"Request body: {\"username\":\"dipto15\",\"email\":\"dasdipto2004@gmail.com\",\"password\":\"12345678\"}","service":"identity-service","timestamp":"2025-01-28T14:54:37.644Z"}
{"level":"info","message":"Registration endpoint called","service":"identity-service","timestamp":"2025-01-28T14:54:37.648Z"}
{"level":"warn","message":"User already exists","service":"identity-service","timestamp":"2025-01-28T14:54:37.687Z"}
{"level":"info","message":"POST - /api/auth/register - ::ffff:127.0.0.1","service":"identity-service","timestamp":"2025-01-28T14:55:09.990Z"}
{"level":"info","message":"Request body: {\"username\":\"dipto15\",\"email\":\"dasdipto2004@gmail.com\",\"password\":\"12345678\"}","service":"identity-service","timestamp":"2025-01-28T14:55:09.992Z"}
{"level":"info","message":"Registration endpoint called","service":"identity-service","timestamp":"2025-01-28T14:55:09.996Z"}
{"buffer":{"data":[103,152,239,206,8,77,69,123,212,244,22,247],"type":"Buffer"},"level":"warn","message":"User saved successfully","service":"identity-service","timestamp":"2025-01-28T14:55:10.123Z"}
